<?xml version="1.0" encoding="UTF-8"?>
<testng-results ignored="0" total="1" passed="1" failed="0" skipped="0">
  <reporter-output>
  </reporter-output>
  <suite started-at="2022-06-09T09:16:44 IST" name="Default suite" finished-at="2022-06-09T09:16:53 IST" duration-ms="9504">
    <groups>
    </groups>
    <test started-at="2022-06-09T09:16:44 IST" name="Default test" finished-at="2022-06-09T09:16:53 IST" duration-ms="9504">
      <class name="googleSearch.Post">
        <test-method signature="PostSERP()[pri:0, instance:googleSearch.Post@6b8ca3c8]" started-at="2022-06-09T09:16:44 IST" name="PostSERP" finished-at="2022-06-09T09:16:53 IST" duration-ms="9477" status="PASS">
          <reporter-output>
          </reporter-output>
        </test-method> <!-- PostSERP -->
      </class> <!-- googleSearch.Post -->
    </test> <!-- Default test -->
  </suite> <!-- Default suite -->
</testng-results>
